<?xml version="1.0" encoding="UTF-8" ?>
<testsuite tests="3" failures="0" name="ico.fes.ing.soft.CarritoTest" time="0.097" errors="0" skipped="0">
  <properties>
[...]
</properties>
  <testcase classname="ico.fes.ing.soft.CarritoTest" name="ico.fes.ing.soft.CarritoTest.testCobroConDescuento" time="0.094"/>
  <testcase classname="ico.fes.ing.soft.CarritoTest" name="ico.fes.ing.soft.CarritoTest.testCobroSinDescuento" time="0.002"/>
  <testcase classname="ico.fes.ing.soft.CarritoTest" name="ico.fes.ing.soft.CarritoTest.testCobroConMayorDescuento" time="0.001"/>
</testsuite>